GET/profile 200 43.292 ms 77
GET/events 304 62.936 ms -
GET/events 304 33.497 ms -
GET/profile 304 43.226 ms -
GET/events 304 34.386 ms -
GET/events 304 33.654 ms -
POST/logout 200 0.665 ms 4
POST/register 200 147.685 ms 178
POST/login 200 111.493 ms 178
GET/events 304 32.387 ms -
GET/events 304 33.262 ms -
GET/events 304 31.769 ms -
GET/events 304 370.494 ms -
GET/events 304 32.283 ms -
GET/events 304 31.021 ms -
GET/tickets/user/66cc72c2e9d11a12c45ee78d 200 87.986 ms 2
GET/tickets/user/66cc72c2e9d11a12c45ee78d 304 32.782 ms -
GET/tickets/user/66cc72c2e9d11a12c45ee78d 304 29.605 ms -
GET/tickets/user/66cc72c2e9d11a12c45ee78d 304 31.859 ms -
GET/tickets/user/66cc72c2e9d11a12c45ee78d 304 29.657 ms -
GET/tickets/user/66cc72c2e9d11a12c45ee78d 304 31.455 ms -
GET/tickets/user/66cc72c2e9d11a12c45ee78d 304 28.968 ms -
GET/tickets/user/66cc72c2e9d11a12c45ee78d 304 28.217 ms -
GET/tickets/user/66cc72c2e9d11a12c45ee78d 304 127.329 ms -
GET/tickets/user/66cc72c2e9d11a12c45ee78d 304 29.283 ms -
GET/tickets/user/66cc72c2e9d11a12c45ee78d 304 30.776 ms -
GET/tickets/user/66cc72c2e9d11a12c45ee78d 304 28.195 ms -
GET/tickets/user/66cc72c2e9d11a12c45ee78d 304 29.958 ms -
GET/tickets/user/66cc72c2e9d11a12c45ee78d 304 28.459 ms -
GET/tickets/user/66cc72c2e9d11a12c45ee78d 304 30.430 ms -
GET/tickets/user/66cc72c2e9d11a12c45ee78d 304 30.713 ms -
GET/tickets/user/66cc72c2e9d11a12c45ee78d 304 29.730 ms -
GET/tickets/user/66cc72c2e9d11a12c45ee78d 304 28.047 ms -
GET/tickets/user/66cc72c2e9d11a12c45ee78d 304 28.398 ms -
GET/tickets/user/66cc72c2e9d11a12c45ee78d 304 30.020 ms -
GET/tickets/user/66cc72c2e9d11a12c45ee78d 304 28.367 ms -
GET/tickets/user/66cc72c2e9d11a12c45ee78d 304 27.934 ms -
GET/tickets/user/66cc72c2e9d11a12c45ee78d 304 27.963 ms -
GET/tickets/user/66cc72c2e9d11a12c45ee78d 304 29.357 ms -
GET/events 304 166.762 ms -
GET/tickets/user/66cc72c2e9d11a12c45ee78d 304 164.987 ms -
GET/tickets/user/66cc72c2e9d11a12c45ee78d 304 29.620 ms -
GET/events 304 41.549 ms -
GET/tickets/user/66cc72c2e9d11a12c45ee78d 304 31.019 ms -
GET/tickets/user/66cc72c2e9d11a12c45ee78d 304 29.185 ms -
GET/tickets/user/66cc72c2e9d11a12c45ee78d 304 30.058 ms -
GET/tickets/user/66cc72c2e9d11a12c45ee78d 304 31.145 ms -
GET/tickets/user/66cc72c2e9d11a12c45ee78d 304 29.404 ms -
GET/tickets/user/66cc72c2e9d11a12c45ee78d 304 39.000 ms -
GET/tickets/user/66cc72c2e9d11a12c45ee78d 304 31.442 ms -
GET/tickets/user/66cc72c2e9d11a12c45ee78d 304 30.538 ms -
GET/tickets/user/66cc72c2e9d11a12c45ee78d 304 30.634 ms -
GET/tickets/user/66cc72c2e9d11a12c45ee78d 304 30.585 ms -
GET/tickets/user/66cc72c2e9d11a12c45ee78d 304 29.958 ms -
GET/tickets/user/66cc72c2e9d11a12c45ee78d 304 37.126 ms -
GET/tickets/user/66cc72c2e9d11a12c45ee78d 304 30.052 ms -
GET/tickets/user/66cc72c2e9d11a12c45ee78d 304 30.460 ms -
GET/tickets/user/66cc72c2e9d11a12c45ee78d 304 30.132 ms -
GET/tickets/user/66cc72c2e9d11a12c45ee78d 304 29.489 ms -
GET/tickets/user/66cc72c2e9d11a12c45ee78d 304 39.756 ms -
GET/tickets/user/66cc72c2e9d11a12c45ee78d 304 30.222 ms -
GET/tickets/user/66cc72c2e9d11a12c45ee78d 304 32.081 ms -
GET/tickets/user/66cc72c2e9d11a12c45ee78d 304 29.227 ms -
GET/tickets/user/66cc72c2e9d11a12c45ee78d 304 29.665 ms -
GET/tickets/user/66cc72c2e9d11a12c45ee78d 304 28.567 ms -
GET/tickets/user/66cc72c2e9d11a12c45ee78d 304 30.657 ms -
GET/tickets/user/66cc72c2e9d11a12c45ee78d 304 29.900 ms -
GET/tickets/user/66cc72c2e9d11a12c45ee78d 304 27.849 ms -
GET/tickets/user/66cc72c2e9d11a12c45ee78d 304 28.162 ms -
GET/tickets/user/66cc72c2e9d11a12c45ee78d 304 29.902 ms -
GET/tickets/user/66cc72c2e9d11a12c45ee78d 304 34.536 ms -
GET/tickets/user/66cc72c2e9d11a12c45ee78d 304 30.000 ms -
GET/tickets/user/66cc72c2e9d11a12c45ee78d 304 308.116 ms -
GET/tickets/user/66cc72c2e9d11a12c45ee78d 304 28.044 ms -
GET/tickets/user/66cc72c2e9d11a12c45ee78d 304 30.962 ms -
GET/tickets/user/66cc72c2e9d11a12c45ee78d 304 33.903 ms -
GET/tickets/user/66cc72c2e9d11a12c45ee78d 304 29.131 ms -
GET/tickets/user/66cc72c2e9d11a12c45ee78d 304 29.480 ms -
GET/tickets/user/66cc72c2e9d11a12c45ee78d 304 28.581 ms -
GET/tickets/user/66cc72c2e9d11a12c45ee78d 304 28.278 ms -
GET/tickets/user/66cc72c2e9d11a12c45ee78d 304 28.838 ms -
GET/tickets/user/66cc72c2e9d11a12c45ee78d 304 30.086 ms -
GET/tickets/user/66cc72c2e9d11a12c45ee78d 304 30.436 ms -
GET/tickets/user/66cc72c2e9d11a12c45ee78d 304 30.105 ms -
GET/tickets/user/66cc72c2e9d11a12c45ee78d 304 30.538 ms -
GET/tickets/user/66cc72c2e9d11a12c45ee78d 304 29.621 ms -
GET/tickets/user/66cc72c2e9d11a12c45ee78d 304 31.947 ms -
GET/tickets/user/66cc72c2e9d11a12c45ee78d 304 30.266 ms -
GET/tickets/user/66cc72c2e9d11a12c45ee78d 304 28.552 ms -
GET/tickets/user/66cc72c2e9d11a12c45ee78d 304 30.104 ms -
GET/tickets/user/66cc72c2e9d11a12c45ee78d 304 29.386 ms -
GET/tickets/user/66cc72c2e9d11a12c45ee78d 304 28.954 ms -
GET/tickets/user/66cc72c2e9d11a12c45ee78d 304 28.842 ms -
GET/tickets/user/66cc72c2e9d11a12c45ee78d 304 30.381 ms -
GET/tickets/user/66cc72c2e9d11a12c45ee78d 304 31.051 ms -
GET/tickets/user/66cc72c2e9d11a12c45ee78d 304 30.619 ms -
GET/tickets/user/66cc72c2e9d11a12c45ee78d 304 30.012 ms -
GET/tickets/user/66cc72c2e9d11a12c45ee78d 304 28.074 ms -
GET/events 304 41.209 ms -
GET/events 304 42.022 ms -
GET/profile 200 0.295 ms 4
GET/events 200 43.392 ms 2413
GET/events 200 41.882 ms 2413
GET/profile 200 0.194 ms 4
GET/events 200 42.201 ms 2413
GET/events 200 40.474 ms 2413
